<?xml version="1.0" encoding="UTF-8"?>
<coverage generated="1691415007063" clover="3.2.0">
  <project timestamp="1691415007063" name="All files">
    <metrics statements="25" coveredstatements="19" conditionals="6" coveredconditionals="4" methods="8" coveredmethods="4" elements="39" coveredelements="27" complexity="0" loc="25" ncloc="25" packages="3" files="3" classes="3"/>
    <package name="components">
      <metrics statements="23" coveredstatements="17" conditionals="6" coveredconditionals="4" methods="8" coveredmethods="4"/>
      <file name="Body.js" path="D:\JavaScriptWebDevelopment Crouse\Namste- React\Namsate-React-Assigment\06-week\Lets Test Our App\src\components\Body.js">
        <metrics statements="23" coveredstatements="17" conditionals="6" coveredconditionals="4" methods="8" coveredmethods="4"/>
        <line num="10" count="1" type="stmt"/>
        <line num="11" count="4" type="stmt"/>
        <line num="12" count="3" type="stmt"/>
        <line num="13" count="3" type="stmt"/>
        <line num="14" count="3" type="stmt"/>
        <line num="17" count="3" type="stmt"/>
        <line num="18" count="2" type="stmt"/>
        <line num="22" count="2" type="stmt"/>
        <line num="25" count="2" type="stmt"/>
        <line num="26" count="2" type="stmt"/>
        <line num="27" count="2" type="stmt"/>
        <line num="29" count="3" type="stmt"/>
        <line num="30" count="3" type="stmt"/>
        <line num="31" count="3" type="cond" truecount="1" falsecount="1"/>
        <line num="32" count="0" type="stmt"/>
        <line num="36" count="3" type="cond" truecount="1" falsecount="1"/>
        <line num="38" count="3" type="cond" truecount="2" falsecount="0"/>
        <line num="49" count="0" type="stmt"/>
        <line num="56" count="0" type="stmt"/>
        <line num="68" count="0" type="stmt"/>
        <line num="81" count="0" type="stmt"/>
        <line num="83" count="0" type="stmt"/>
        <line num="95" count="15" type="stmt"/>
      </file>
    </package>
    <package name="mocks">
      <metrics statements="1" coveredstatements="1" conditionals="0" coveredconditionals="0" methods="0" coveredmethods="0"/>
      <file name="data.js" path="D:\JavaScriptWebDevelopment Crouse\Namste- React\Namsate-React-Assigment\06-week\Lets Test Our App\src\mocks\data.js">
        <metrics statements="1" coveredstatements="1" conditionals="0" coveredconditionals="0" methods="0" coveredmethods="0"/>
        <line num="1" count="1" type="stmt"/>
      </file>
    </package>
    <package name="utils">
      <metrics statements="1" coveredstatements="1" conditionals="0" coveredconditionals="0" methods="0" coveredmethods="0"/>
      <file name="store.js" path="D:\JavaScriptWebDevelopment Crouse\Namste- React\Namsate-React-Assigment\06-week\Lets Test Our App\src\utils\store.js">
        <metrics statements="1" coveredstatements="1" conditionals="0" coveredconditionals="0" methods="0" coveredmethods="0"/>
        <line num="4" count="2" type="stmt"/>
      </file>
    </package>
  </project>
</coverage>
