{"D:\\JavaScriptWebDevelopment Crouse\\Namste- React\\Namsate-React-Assigment\\06-week\\Lets Test Our App\\src\\components\\Body.js": {"path":"D:\\JavaScriptWebDevelopment Crouse\\Namste- React\\Namsate-React-Assigment\\06-week\\Lets Test Our App\\src\\components\\Body.js","statementMap":{"0":{"start":{"line":10,"column":13},"end":{"line":103,"column":1}},"1":{"start":{"line":11,"column":46},"end":{"line":11,"column":58}},"2":{"start":{"line":12,"column":56},"end":{"line":12,"column":68}},"3":{"start":{"line":13,"column":38},"end":{"line":13,"column":50}},"4":{"start":{"line":14,"column":28},"end":{"line":14,"column":51}},"5":{"start":{"line":17,"column":2},"end":{"line":19,"column":9}},"6":{"start":{"line":18,"column":4},"end":{"line":18,"column":21}},"7":{"start":{"line":22,"column":17},"end":{"line":24,"column":5}},"8":{"start":{"line":25,"column":17},"end":{"line":25,"column":34}},"9":{"start":{"line":26,"column":4},"end":{"line":26,"column":63}},"10":{"start":{"line":27,"column":4},"end":{"line":27,"column":68}},"11":{"start":{"line":29,"column":18},"end":{"line":29,"column":29}},"12":{"start":{"line":30,"column":2},"end":{"line":30,"column":23}},"13":{"start":{"line":31,"column":2},"end":{"line":33,"column":3}},"14":{"start":{"line":32,"column":4},"end":{"line":32,"column":40}},"15":{"start":{"line":36,"column":2},"end":{"line":36,"column":35}},"16":{"start":{"line":36,"column":23},"end":{"line":36,"column":35}},"17":{"start":{"line":38,"column":2},"end":{"line":102,"column":4}},"18":{"start":{"line":49,"column":12},"end":{"line":49,"column":42}},"19":{"start":{"line":55,"column":12},"end":{"line":60,"column":15}},"20":{"start":{"line":67,"column":12},"end":{"line":72,"column":15}},"21":{"start":{"line":80,"column":25},"end":{"line":80,"column":63}},"22":{"start":{"line":82,"column":12},"end":{"line":82,"column":41}},"23":{"start":{"line":91,"column":10},"end":{"line":98,"column":12}}},"fnMap":{"0":{"name":"(anonymous_0)","decl":{"start":{"line":10,"column":13},"end":{"line":10,"column":14}},"loc":{"start":{"line":10,"column":19},"end":{"line":103,"column":1}},"line":10},"1":{"name":"(anonymous_1)","decl":{"start":{"line":17,"column":12},"end":{"line":17,"column":13}},"loc":{"start":{"line":17,"column":18},"end":{"line":19,"column":3}},"line":17},"2":{"name":"getRestaurants","decl":{"start":{"line":21,"column":17},"end":{"line":21,"column":31}},"loc":{"start":{"line":21,"column":34},"end":{"line":28,"column":3}},"line":21},"3":{"name":"(anonymous_3)","decl":{"start":{"line":48,"column":20},"end":{"line":48,"column":21}},"loc":{"start":{"line":48,"column":27},"end":{"line":50,"column":11}},"line":48},"4":{"name":"(anonymous_4)","decl":{"start":{"line":54,"column":20},"end":{"line":54,"column":21}},"loc":{"start":{"line":54,"column":27},"end":{"line":61,"column":11}},"line":54},"5":{"name":"(anonymous_5)","decl":{"start":{"line":66,"column":20},"end":{"line":66,"column":21}},"loc":{"start":{"line":66,"column":27},"end":{"line":73,"column":11}},"line":66},"6":{"name":"(anonymous_6)","decl":{"start":{"line":78,"column":19},"end":{"line":78,"column":20}},"loc":{"start":{"line":78,"column":25},"end":{"line":83,"column":11}},"line":78},"7":{"name":"(anonymous_7)","decl":{"start":{"line":90,"column":33},"end":{"line":90,"column":34}},"loc":{"start":{"line":90,"column":49},"end":{"line":99,"column":9}},"line":90}},"branchMap":{"0":{"loc":{"start":{"line":31,"column":2},"end":{"line":33,"column":3}},"type":"if","locations":[{"start":{"line":31,"column":2},"end":{"line":33,"column":3}},{"start":{},"end":{}}],"line":31},"1":{"loc":{"start":{"line":36,"column":2},"end":{"line":36,"column":35}},"type":"if","locations":[{"start":{"line":36,"column":2},"end":{"line":36,"column":35}},{"start":{},"end":{}}],"line":36},"2":{"loc":{"start":{"line":38,"column":9},"end":{"line":102,"column":3}},"type":"cond-expr","locations":[{"start":{"line":39,"column":4},"end":{"line":39,"column":15}},{"start":{"line":41,"column":4},"end":{"line":101,"column":7}}],"line":38}},"s":{"0":1,"1":2,"2":1,"3":1,"4":1,"5":1,"6":1,"7":1,"8":1,"9":1,"10":1,"11":1,"12":1,"13":1,"14":0,"15":1,"16":0,"17":1,"18":0,"19":0,"20":0,"21":0,"22":0,"23":0},"f":{"0":2,"1":1,"2":1,"3":0,"4":0,"5":0,"6":0,"7":0},"b":{"0":[0,1],"1":[0,1],"2":[1,0]},"_coverageSchema":"1a1c01bbd47fc00a2c39e90264f33305004495a9","hash":"429c33df65940775c55d4b75266e8a346fff3257"}
,"D:\\JavaScriptWebDevelopment Crouse\\Namste- React\\Namsate-React-Assigment\\06-week\\Lets Test Our App\\src\\components\\Header.js": {"path":"D:\\JavaScriptWebDevelopment Crouse\\Namste- React\\Namsate-React-Assigment\\06-week\\Lets Test Our App\\src\\components\\Header.js","statementMap":{"0":{"start":{"line":13,"column":14},"end":{"line":17,"column":1}},"1":{"start":{"line":14,"column":2},"end":{"line":16,"column":6}},"2":{"start":{"line":19,"column":15},"end":{"line":61,"column":1}},"3":{"start":{"line":20,"column":38},"end":{"line":20,"column":53}},"4":{"start":{"line":21,"column":18},"end":{"line":21,"column":29}},"5":{"start":{"line":22,"column":2},"end":{"line":22,"column":23}},"6":{"start":{"line":23,"column":19},"end":{"line":23,"column":42}},"7":{"start":{"line":24,"column":15},"end":{"line":24,"column":55}},"8":{"start":{"line":24,"column":38},"end":{"line":24,"column":54}},"9":{"start":{"line":25,"column":19},"end":{"line":25,"column":42}},"10":{"start":{"line":26,"column":2},"end":{"line":60,"column":4}},"11":{"start":{"line":55,"column":31},"end":{"line":55,"column":51}},"12":{"start":{"line":57,"column":31},"end":{"line":57,"column":50}}},"fnMap":{"0":{"name":"(anonymous_0)","decl":{"start":{"line":13,"column":14},"end":{"line":13,"column":15}},"loc":{"start":{"line":14,"column":2},"end":{"line":16,"column":6}},"line":14},"1":{"name":"(anonymous_1)","decl":{"start":{"line":19,"column":15},"end":{"line":19,"column":16}},"loc":{"start":{"line":19,"column":21},"end":{"line":61,"column":1}},"line":19},"2":{"name":"(anonymous_2)","decl":{"start":{"line":24,"column":27},"end":{"line":24,"column":28}},"loc":{"start":{"line":24,"column":38},"end":{"line":24,"column":54}},"line":24},"3":{"name":"(anonymous_3)","decl":{"start":{"line":55,"column":25},"end":{"line":55,"column":26}},"loc":{"start":{"line":55,"column":31},"end":{"line":55,"column":51}},"line":55},"4":{"name":"(anonymous_4)","decl":{"start":{"line":57,"column":25},"end":{"line":57,"column":26}},"loc":{"start":{"line":57,"column":31},"end":{"line":57,"column":50}},"line":57}},"branchMap":{"0":{"loc":{"start":{"line":53,"column":34},"end":{"line":53,"column":59}},"type":"cond-expr","locations":[{"start":{"line":53,"column":44},"end":{"line":53,"column":47}},{"start":{"line":53,"column":50},"end":{"line":53,"column":59}}],"line":53},"1":{"loc":{"start":{"line":54,"column":7},"end":{"line":58,"column":7}},"type":"cond-expr","locations":[{"start":{"line":55,"column":8},"end":{"line":55,"column":68}},{"start":{"line":57,"column":8},"end":{"line":57,"column":66}}],"line":54}},"s":{"0":1,"1":3,"2":1,"3":3,"4":3,"5":3,"6":3,"7":3,"8":6,"9":3,"10":3,"11":0,"12":0},"f":{"0":3,"1":3,"2":6,"3":0,"4":0},"b":{"0":[3,0],"1":[0,3]},"_coverageSchema":"1a1c01bbd47fc00a2c39e90264f33305004495a9","hash":"96596c917524cf36ad03f586569188ecac7b92f0"}
,"D:\\JavaScriptWebDevelopment Crouse\\Namste- React\\Namsate-React-Assigment\\06-week\\Lets Test Our App\\src\\mocks\\data.js": {"path":"D:\\JavaScriptWebDevelopment Crouse\\Namste- React\\Namsate-React-Assigment\\06-week\\Lets Test Our App\\src\\mocks\\data.js","statementMap":{"0":{"start":{"line":1,"column":31},"end":{"line":2318,"column":1}}},"fnMap":{},"branchMap":{},"s":{"0":1},"f":{},"b":{},"_coverageSchema":"1a1c01bbd47fc00a2c39e90264f33305004495a9","hash":"3d36bf2437336937c1fbbc1e54d98cfb3d2132a1"}
,"D:\\JavaScriptWebDevelopment Crouse\\Namste- React\\Namsate-React-Assigment\\06-week\\Lets Test Our App\\src\\utils\\store.js": {"path":"D:\\JavaScriptWebDevelopment Crouse\\Namste- React\\Namsate-React-Assigment\\06-week\\Lets Test Our App\\src\\utils\\store.js","statementMap":{"0":{"start":{"line":4,"column":14},"end":{"line":8,"column":2}}},"fnMap":{},"branchMap":{},"s":{"0":2},"f":{},"b":{},"_coverageSchema":"1a1c01bbd47fc00a2c39e90264f33305004495a9","hash":"83b6dd6e83d42def06baab12717f9824aadf86e9"}
}
