{"D:\\JavaScriptWebDevelopment Crouse\\Namste- React\\Namsate-React-Assigment\\06-week\\Lets Test Our App\\src\\components\\Body.js": {"path":"D:\\JavaScriptWebDevelopment Crouse\\Namste- React\\Namsate-React-Assigment\\06-week\\Lets Test Our App\\src\\components\\Body.js","statementMap":{"0":{"start":{"line":10,"column":13},"end":{"line":107,"column":1}},"1":{"start":{"line":11,"column":46},"end":{"line":11,"column":58}},"2":{"start":{"line":12,"column":56},"end":{"line":12,"column":68}},"3":{"start":{"line":13,"column":38},"end":{"line":13,"column":50}},"4":{"start":{"line":14,"column":28},"end":{"line":14,"column":51}},"5":{"start":{"line":17,"column":2},"end":{"line":19,"column":9}},"6":{"start":{"line":18,"column":4},"end":{"line":18,"column":21}},"7":{"start":{"line":22,"column":17},"end":{"line":24,"column":5}},"8":{"start":{"line":25,"column":17},"end":{"line":25,"column":34}},"9":{"start":{"line":26,"column":4},"end":{"line":26,"column":63}},"10":{"start":{"line":27,"column":4},"end":{"line":27,"column":68}},"11":{"start":{"line":29,"column":18},"end":{"line":29,"column":29}},"12":{"start":{"line":30,"column":2},"end":{"line":30,"column":23}},"13":{"start":{"line":31,"column":2},"end":{"line":33,"column":3}},"14":{"start":{"line":32,"column":4},"end":{"line":32,"column":40}},"15":{"start":{"line":36,"column":2},"end":{"line":36,"column":35}},"16":{"start":{"line":36,"column":23},"end":{"line":36,"column":35}},"17":{"start":{"line":38,"column":2},"end":{"line":106,"column":4}},"18":{"start":{"line":49,"column":12},"end":{"line":49,"column":42}},"19":{"start":{"line":56,"column":12},"end":{"line":61,"column":15}},"20":{"start":{"line":68,"column":12},"end":{"line":73,"column":15}},"21":{"start":{"line":81,"column":25},"end":{"line":81,"column":63}},"22":{"start":{"line":83,"column":12},"end":{"line":83,"column":41}},"23":{"start":{"line":95,"column":10},"end":{"line":102,"column":12}}},"fnMap":{"0":{"name":"(anonymous_0)","decl":{"start":{"line":10,"column":13},"end":{"line":10,"column":14}},"loc":{"start":{"line":10,"column":19},"end":{"line":107,"column":1}},"line":10},"1":{"name":"(anonymous_1)","decl":{"start":{"line":17,"column":12},"end":{"line":17,"column":13}},"loc":{"start":{"line":17,"column":18},"end":{"line":19,"column":3}},"line":17},"2":{"name":"getRestaurants","decl":{"start":{"line":21,"column":17},"end":{"line":21,"column":31}},"loc":{"start":{"line":21,"column":34},"end":{"line":28,"column":3}},"line":21},"3":{"name":"(anonymous_3)","decl":{"start":{"line":48,"column":20},"end":{"line":48,"column":21}},"loc":{"start":{"line":48,"column":27},"end":{"line":50,"column":11}},"line":48},"4":{"name":"(anonymous_4)","decl":{"start":{"line":55,"column":20},"end":{"line":55,"column":21}},"loc":{"start":{"line":55,"column":27},"end":{"line":62,"column":11}},"line":55},"5":{"name":"(anonymous_5)","decl":{"start":{"line":67,"column":20},"end":{"line":67,"column":21}},"loc":{"start":{"line":67,"column":27},"end":{"line":74,"column":11}},"line":67},"6":{"name":"(anonymous_6)","decl":{"start":{"line":79,"column":19},"end":{"line":79,"column":20}},"loc":{"start":{"line":79,"column":25},"end":{"line":84,"column":11}},"line":79},"7":{"name":"(anonymous_7)","decl":{"start":{"line":94,"column":33},"end":{"line":94,"column":34}},"loc":{"start":{"line":94,"column":49},"end":{"line":103,"column":9}},"line":94}},"branchMap":{"0":{"loc":{"start":{"line":31,"column":2},"end":{"line":33,"column":3}},"type":"if","locations":[{"start":{"line":31,"column":2},"end":{"line":33,"column":3}},{"start":{},"end":{}}],"line":31},"1":{"loc":{"start":{"line":36,"column":2},"end":{"line":36,"column":35}},"type":"if","locations":[{"start":{"line":36,"column":2},"end":{"line":36,"column":35}},{"start":{},"end":{}}],"line":36},"2":{"loc":{"start":{"line":38,"column":9},"end":{"line":106,"column":3}},"type":"cond-expr","locations":[{"start":{"line":39,"column":4},"end":{"line":39,"column":15}},{"start":{"line":41,"column":4},"end":{"line":105,"column":7}}],"line":38}},"s":{"0":1,"1":4,"2":3,"3":3,"4":3,"5":3,"6":2,"7":2,"8":2,"9":2,"10":2,"11":3,"12":3,"13":3,"14":0,"15":3,"16":0,"17":3,"18":0,"19":0,"20":0,"21":0,"22":0,"23":15},"f":{"0":4,"1":2,"2":2,"3":0,"4":0,"5":0,"6":0,"7":15},"b":{"0":[0,3],"1":[0,3],"2":[2,1]},"_coverageSchema":"1a1c01bbd47fc00a2c39e90264f33305004495a9","hash":"028bf409b5c39f8f80a73e50d4f081648eafc474"}
,"D:\\JavaScriptWebDevelopment Crouse\\Namste- React\\Namsate-React-Assigment\\06-week\\Lets Test Our App\\src\\mocks\\data.js": {"path":"D:\\JavaScriptWebDevelopment Crouse\\Namste- React\\Namsate-React-Assigment\\06-week\\Lets Test Our App\\src\\mocks\\data.js","statementMap":{"0":{"start":{"line":1,"column":31},"end":{"line":2318,"column":1}}},"fnMap":{},"branchMap":{},"s":{"0":1},"f":{},"b":{},"_coverageSchema":"1a1c01bbd47fc00a2c39e90264f33305004495a9","hash":"3d36bf2437336937c1fbbc1e54d98cfb3d2132a1"}
,"D:\\JavaScriptWebDevelopment Crouse\\Namste- React\\Namsate-React-Assigment\\06-week\\Lets Test Our App\\src\\utils\\store.js": {"path":"D:\\JavaScriptWebDevelopment Crouse\\Namste- React\\Namsate-React-Assigment\\06-week\\Lets Test Our App\\src\\utils\\store.js","statementMap":{"0":{"start":{"line":4,"column":14},"end":{"line":8,"column":2}}},"fnMap":{},"branchMap":{},"s":{"0":2},"f":{},"b":{},"_coverageSchema":"1a1c01bbd47fc00a2c39e90264f33305004495a9","hash":"83b6dd6e83d42def06baab12717f9824aadf86e9"}
}
