TN:
SF:src\components\Body.js
FN:10,(anonymous_0)
FN:17,(anonymous_1)
FN:21,getRestaurants
FN:48,(anonymous_3)
FN:54,(anonymous_4)
FN:66,(anonymous_5)
FN:78,(anonymous_6)
FN:90,(anonymous_7)
FNF:8
FNH:3
FNDA:2,(anonymous_0)
FNDA:1,(anonymous_1)
FNDA:1,getRestaurants
FNDA:0,(anonymous_3)
FNDA:0,(anonymous_4)
FNDA:0,(anonymous_5)
FNDA:0,(anonymous_6)
FNDA:0,(anonymous_7)
DA:10,1
DA:11,2
DA:12,1
DA:13,1
DA:14,1
DA:17,1
DA:18,1
DA:22,1
DA:25,1
DA:26,1
DA:27,1
DA:29,1
DA:30,1
DA:31,1
DA:32,0
DA:36,1
DA:38,1
DA:49,0
DA:55,0
DA:67,0
DA:80,0
DA:82,0
DA:91,0
LF:23
LH:16
BRDA:31,0,0,0
BRDA:31,0,1,1
BRDA:36,1,0,0
BRDA:36,1,1,1
BRDA:38,2,0,1
BRDA:38,2,1,0
BRF:6
BRH:3
end_of_record
TN:
SF:src\components\Header.js
FN:13,(anonymous_0)
FN:19,(anonymous_1)
FN:24,(anonymous_2)
FN:55,(anonymous_3)
FN:57,(anonymous_4)
FNF:5
FNH:3
FNDA:3,(anonymous_0)
FNDA:3,(anonymous_1)
FNDA:6,(anonymous_2)
FNDA:0,(anonymous_3)
FNDA:0,(anonymous_4)
DA:13,1
DA:14,3
DA:19,1
DA:20,3
DA:21,3
DA:22,3
DA:23,3
DA:24,6
DA:25,3
DA:26,3
DA:55,0
DA:57,0
LF:12
LH:10
BRDA:53,0,0,3
BRDA:53,0,1,0
BRDA:54,1,0,0
BRDA:54,1,1,3
BRF:4
BRH:2
end_of_record
TN:
SF:src\mocks\data.js
FNF:0
FNH:0
DA:1,1
LF:1
LH:1
BRF:0
BRH:0
end_of_record
TN:
SF:src\utils\store.js
FNF:0
FNH:0
DA:4,2
LF:1
LH:1
BRF:0
BRH:0
end_of_record
