TN:
SF:src\components\Body.js
FN:10,(anonymous_0)
FN:17,(anonymous_1)
FN:21,getRestaurants
FN:53,(anonymous_3)
FN:59,(anonymous_4)
FN:71,(anonymous_5)
FN:84,(anonymous_6)
FN:99,(anonymous_7)
FNF:8
FNH:3
FNDA:4,(anonymous_0)
FNDA:2,(anonymous_1)
FNDA:2,getRestaurants
FNDA:0,(anonymous_3)
FNDA:0,(anonymous_4)
FNDA:0,(anonymous_5)
FNDA:0,(anonymous_6)
FNDA:0,(anonymous_7)
DA:10,1
DA:11,4
DA:12,3
DA:13,3
DA:14,3
DA:17,3
DA:18,2
DA:22,2
DA:25,2
DA:26,2
DA:29,2
DA:33,3
DA:34,3
DA:35,3
DA:36,0
DA:40,3
DA:42,2
DA:54,0
DA:60,0
DA:72,0
DA:86,0
DA:88,0
DA:100,0
LF:23
LH:16
BRDA:35,0,0,0
BRDA:35,0,1,3
BRDA:40,1,0,1
BRDA:40,1,1,2
BRDA:42,2,0,2
BRDA:42,2,1,0
BRF:6
BRH:4
end_of_record
TN:
SF:src\mocks\data.js
FNF:0
FNH:0
DA:1,1
LF:1
LH:1
BRF:0
BRH:0
end_of_record
TN:
SF:src\utils\helper.js
FN:1,filterData
FN:2,(anonymous_1)
FNF:2
FNH:0
FNDA:0,filterData
FNDA:0,(anonymous_1)
DA:2,0
DA:3,0
DA:5,0
LF:3
LH:0
BRF:0
BRH:0
end_of_record
TN:
SF:src\utils\store.js
FNF:0
FNH:0
DA:4,2
LF:1
LH:1
BRF:0
BRH:0
end_of_record
